[0.009s] Invoking command in '/home/dharshan_reddy/amr_competition_ws/build/amr_pkg': /usr/bin/cmake --build /home/dharshan_reddy/amr_competition_ws/build/amr_pkg -- -j14 -l14
[0.028s] -- Found ament_cmake: 1.3.12 (/opt/ros/humble/share/ament_cmake/cmake)
[0.105s] -- Override CMake install command with custom implementation using symlinks instead of copying resources
[0.112s] -- Found ament_lint_auto: 0.12.14 (/opt/ros/humble/share/ament_lint_auto/cmake)
[0.153s] -- Configuring done
[0.155s] -- Generating done
[0.156s] -- Build files have been written to: /home/dharshan_reddy/amr_competition_ws/build/amr_pkg
[0.172s] Invoked command in '/home/dharshan_reddy/amr_competition_ws/build/amr_pkg' returned '0': /usr/bin/cmake --build /home/dharshan_reddy/amr_competition_ws/build/amr_pkg -- -j14 -l14
[0.181s] Invoking command in '/home/dharshan_reddy/amr_competition_ws/build/amr_pkg': /usr/bin/cmake --install /home/dharshan_reddy/amr_competition_ws/build/amr_pkg
[0.186s] -- Install configuration: ""
[0.186s] -- Execute custom install script
[0.187s] -- Up-to-date symlink: /home/dharshan_reddy/amr_competition_ws/install/amr_pkg/share/amr_pkg/description/bot.urdf.xacro
[0.187s] -- Up-to-date symlink: /home/dharshan_reddy/amr_competition_ws/install/amr_pkg/share/amr_pkg/description/final.urdf.xacro
[0.187s] -- Up-to-date symlink: /home/dharshan_reddy/amr_competition_ws/install/amr_pkg/share/amr_pkg/description/gazebo_control.xacro
[0.187s] -- Up-to-date symlink: /home/dharshan_reddy/amr_competition_ws/install/amr_pkg/share/amr_pkg/description/inertial_macros.xacro
[0.187s] -- Up-to-date symlink: /home/dharshan_reddy/amr_competition_ws/install/amr_pkg/share/amr_pkg/launch/amr_launch.py
[0.187s] -- Up-to-date symlink: /home/dharshan_reddy/amr_competition_ws/install/amr_pkg/share/amr_pkg/launch/robot_basic_launch_file.py
[0.187s] -- Up-to-date symlink: /home/dharshan_reddy/amr_competition_ws/install/amr_pkg/share/ament_index/resource_index/package_run_dependencies/amr_pkg
[0.187s] -- Up-to-date symlink: /home/dharshan_reddy/amr_competition_ws/install/amr_pkg/share/ament_index/resource_index/parent_prefix_path/amr_pkg
[0.187s] -- Up-to-date symlink: /home/dharshan_reddy/amr_competition_ws/install/amr_pkg/share/amr_pkg/environment/ament_prefix_path.sh
[0.187s] -- Up-to-date symlink: /home/dharshan_reddy/amr_competition_ws/install/amr_pkg/share/amr_pkg/environment/ament_prefix_path.dsv
[0.187s] -- Up-to-date symlink: /home/dharshan_reddy/amr_competition_ws/install/amr_pkg/share/amr_pkg/environment/path.sh
[0.187s] -- Up-to-date symlink: /home/dharshan_reddy/amr_competition_ws/install/amr_pkg/share/amr_pkg/environment/path.dsv
[0.187s] -- Up-to-date symlink: /home/dharshan_reddy/amr_competition_ws/install/amr_pkg/share/amr_pkg/local_setup.bash
[0.188s] -- Up-to-date symlink: /home/dharshan_reddy/amr_competition_ws/install/amr_pkg/share/amr_pkg/local_setup.sh
[0.188s] -- Up-to-date symlink: /home/dharshan_reddy/amr_competition_ws/install/amr_pkg/share/amr_pkg/local_setup.zsh
[0.188s] -- Up-to-date symlink: /home/dharshan_reddy/amr_competition_ws/install/amr_pkg/share/amr_pkg/local_setup.dsv
[0.188s] -- Symlinking: /home/dharshan_reddy/amr_competition_ws/install/amr_pkg/share/amr_pkg/package.dsv
[0.193s] -- Up-to-date symlink: /home/dharshan_reddy/amr_competition_ws/install/amr_pkg/share/ament_index/resource_index/packages/amr_pkg
[0.193s] -- Up-to-date symlink: /home/dharshan_reddy/amr_competition_ws/install/amr_pkg/share/amr_pkg/cmake/amr_pkgConfig.cmake
[0.193s] -- Up-to-date symlink: /home/dharshan_reddy/amr_competition_ws/install/amr_pkg/share/amr_pkg/cmake/amr_pkgConfig-version.cmake
[0.193s] -- Up-to-date symlink: /home/dharshan_reddy/amr_competition_ws/install/amr_pkg/share/amr_pkg/package.xml
[0.195s] Invoked command in '/home/dharshan_reddy/amr_competition_ws/build/amr_pkg' returned '0': /usr/bin/cmake --install /home/dharshan_reddy/amr_competition_ws/build/amr_pkg
