[0.009s] Invoking command in '/home/dharshan_reddy/amr_competition_ws/build/amr_pkg': CMAKE_PREFIX_PATH=${CMAKE_PREFIX_PATH}:/home/dharshan_reddy/amr_competition_ws/install/amr_demo_pkg:/opt/ros/humble /usr/bin/cmake /home/dharshan_reddy/amr_competition_ws/src/amr_pkg -DCMAKE_INSTALL_PREFIX=/home/dharshan_reddy/amr_competition_ws/install/amr_pkg
[0.016s] -- Found ament_cmake: 1.3.11 (/opt/ros/humble/share/ament_cmake/cmake)
[0.091s] -- Override CMake install command with custom implementation using symlinks instead of copying resources
[0.095s] -- Found ament_lint_auto: 0.12.12 (/opt/ros/humble/share/ament_lint_auto/cmake)
[0.137s] -- Configuring done
[0.138s] -- Generating done
[0.139s] -- Build files have been written to: /home/dharshan_reddy/amr_competition_ws/build/amr_pkg
[0.141s] Invoked command in '/home/dharshan_reddy/amr_competition_ws/build/amr_pkg' returned '0': CMAKE_PREFIX_PATH=${CMAKE_PREFIX_PATH}:/home/dharshan_reddy/amr_competition_ws/install/amr_demo_pkg:/opt/ros/humble /usr/bin/cmake /home/dharshan_reddy/amr_competition_ws/src/amr_pkg -DCMAKE_INSTALL_PREFIX=/home/dharshan_reddy/amr_competition_ws/install/amr_pkg
[0.143s] Invoking command in '/home/dharshan_reddy/amr_competition_ws/build/amr_pkg': CMAKE_PREFIX_PATH=${CMAKE_PREFIX_PATH}:/home/dharshan_reddy/amr_competition_ws/install/amr_demo_pkg:/opt/ros/humble /usr/bin/cmake --build /home/dharshan_reddy/amr_competition_ws/build/amr_pkg -- -j14 -l14
[0.176s] Invoked command in '/home/dharshan_reddy/amr_competition_ws/build/amr_pkg' returned '0': CMAKE_PREFIX_PATH=${CMAKE_PREFIX_PATH}:/home/dharshan_reddy/amr_competition_ws/install/amr_demo_pkg:/opt/ros/humble /usr/bin/cmake --build /home/dharshan_reddy/amr_competition_ws/build/amr_pkg -- -j14 -l14
[0.183s] Invoking command in '/home/dharshan_reddy/amr_competition_ws/build/amr_pkg': CMAKE_PREFIX_PATH=${CMAKE_PREFIX_PATH}:/home/dharshan_reddy/amr_competition_ws/install/amr_demo_pkg:/opt/ros/humble /usr/bin/cmake --install /home/dharshan_reddy/amr_competition_ws/build/amr_pkg
[0.190s] -- Install configuration: ""
[0.190s] -- Execute custom install script
[0.190s] -- Up-to-date symlink: /home/dharshan_reddy/amr_competition_ws/install/amr_pkg/share/amr_pkg/description/bot.urdf.xacro
[0.190s] -- Up-to-date symlink: /home/dharshan_reddy/amr_competition_ws/install/amr_pkg/share/amr_pkg/description/inertial_macros.xacro
[0.190s] -- Up-to-date symlink: /home/dharshan_reddy/amr_competition_ws/install/amr_pkg/share/amr_pkg/launch/amr_launch.py
[0.190s] -- Up-to-date symlink: /home/dharshan_reddy/amr_competition_ws/install/amr_pkg/share/ament_index/resource_index/package_run_dependencies/amr_pkg
[0.190s] -- Up-to-date symlink: /home/dharshan_reddy/amr_competition_ws/install/amr_pkg/share/ament_index/resource_index/parent_prefix_path/amr_pkg
[0.191s] -- Up-to-date symlink: /home/dharshan_reddy/amr_competition_ws/install/amr_pkg/share/amr_pkg/environment/ament_prefix_path.sh
[0.191s] -- Up-to-date symlink: /home/dharshan_reddy/amr_competition_ws/install/amr_pkg/share/amr_pkg/environment/ament_prefix_path.dsv
[0.191s] -- Up-to-date symlink: /home/dharshan_reddy/amr_competition_ws/install/amr_pkg/share/amr_pkg/environment/path.sh
[0.191s] -- Up-to-date symlink: /home/dharshan_reddy/amr_competition_ws/install/amr_pkg/share/amr_pkg/environment/path.dsv
[0.191s] -- Up-to-date symlink: /home/dharshan_reddy/amr_competition_ws/install/amr_pkg/share/amr_pkg/local_setup.bash
[0.191s] -- Up-to-date symlink: /home/dharshan_reddy/amr_competition_ws/install/amr_pkg/share/amr_pkg/local_setup.sh
[0.191s] -- Up-to-date symlink: /home/dharshan_reddy/amr_competition_ws/install/amr_pkg/share/amr_pkg/local_setup.zsh
[0.191s] -- Up-to-date symlink: /home/dharshan_reddy/amr_competition_ws/install/amr_pkg/share/amr_pkg/local_setup.dsv
[0.191s] -- Symlinking: /home/dharshan_reddy/amr_competition_ws/install/amr_pkg/share/amr_pkg/package.dsv
[0.198s] -- Up-to-date symlink: /home/dharshan_reddy/amr_competition_ws/install/amr_pkg/share/ament_index/resource_index/packages/amr_pkg
[0.198s] -- Up-to-date symlink: /home/dharshan_reddy/amr_competition_ws/install/amr_pkg/share/amr_pkg/cmake/amr_pkgConfig.cmake
[0.198s] -- Up-to-date symlink: /home/dharshan_reddy/amr_competition_ws/install/amr_pkg/share/amr_pkg/cmake/amr_pkgConfig-version.cmake
[0.198s] -- Up-to-date symlink: /home/dharshan_reddy/amr_competition_ws/install/amr_pkg/share/amr_pkg/package.xml
[0.201s] Invoked command in '/home/dharshan_reddy/amr_competition_ws/build/amr_pkg' returned '0': CMAKE_PREFIX_PATH=${CMAKE_PREFIX_PATH}:/home/dharshan_reddy/amr_competition_ws/install/amr_demo_pkg:/opt/ros/humble /usr/bin/cmake --install /home/dharshan_reddy/amr_competition_ws/build/amr_pkg
