-- The C compiler identification is GNU 11.4.0
-- The CXX compiler identification is GNU 11.4.0
-- Detecting C compiler ABI info
-- Detecting C compiler ABI info - done
-- Check for working C compiler: /usr/bin/cc - skipped
-- Detecting C compile features
-- Detecting C compile features - done
-- Detecting CXX compiler ABI info
-- Detecting CXX compiler ABI info - done
-- Check for working CXX compiler: /usr/bin/c++ - skipped
-- Detecting CXX compile features
-- Detecting CXX compile features - done
-- Found ament_cmake: 1.3.11 (/opt/ros/humble/share/ament_cmake/cmake)
-- Found Python3: /usr/bin/python3 (found version "3.10.12") found components: Interpreter 
-- Override CMake install command with custom implementation using symlinks instead of copying resources
-- Found ament_lint_auto: 0.12.12 (/opt/ros/humble/share/ament_lint_auto/cmake)
-- Configuring done
-- Generating done
-- Build files have been written to: /home/dharshan_reddy/amr_competition_ws/build/amr_pkg
-- Install configuration: ""
-- Execute custom install script
-- Symlinking: /home/dharshan_reddy/amr_competition_ws/install/amr_pkg/share/amr_pkg/description/bot.urdf.xacro
-- Symlinking: /home/dharshan_reddy/amr_competition_ws/install/amr_pkg/share/amr_pkg/description/inertial_macros.xacro
-- Symlinking: /home/dharshan_reddy/amr_competition_ws/install/amr_pkg/share/amr_pkg/launch/amr_launch.py
-- Symlinking: /home/dharshan_reddy/amr_competition_ws/install/amr_pkg/share/ament_index/resource_index/package_run_dependencies/amr_pkg
-- Symlinking: /home/dharshan_reddy/amr_competition_ws/install/amr_pkg/share/ament_index/resource_index/parent_prefix_path/amr_pkg
-- Symlinking: /home/dharshan_reddy/amr_competition_ws/install/amr_pkg/share/amr_pkg/environment/ament_prefix_path.sh
-- Symlinking: /home/dharshan_reddy/amr_competition_ws/install/amr_pkg/share/amr_pkg/environment/ament_prefix_path.dsv
-- Symlinking: /home/dharshan_reddy/amr_competition_ws/install/amr_pkg/share/amr_pkg/environment/path.sh
-- Symlinking: /home/dharshan_reddy/amr_competition_ws/install/amr_pkg/share/amr_pkg/environment/path.dsv
-- Symlinking: /home/dharshan_reddy/amr_competition_ws/install/amr_pkg/share/amr_pkg/local_setup.bash
-- Symlinking: /home/dharshan_reddy/amr_competition_ws/install/amr_pkg/share/amr_pkg/local_setup.sh
-- Symlinking: /home/dharshan_reddy/amr_competition_ws/install/amr_pkg/share/amr_pkg/local_setup.zsh
-- Symlinking: /home/dharshan_reddy/amr_competition_ws/install/amr_pkg/share/amr_pkg/local_setup.dsv
-- Symlinking: /home/dharshan_reddy/amr_competition_ws/install/amr_pkg/share/amr_pkg/package.dsv
-- Symlinking: /home/dharshan_reddy/amr_competition_ws/install/amr_pkg/share/ament_index/resource_index/packages/amr_pkg
-- Symlinking: /home/dharshan_reddy/amr_competition_ws/install/amr_pkg/share/amr_pkg/cmake/amr_pkgConfig.cmake
-- Symlinking: /home/dharshan_reddy/amr_competition_ws/install/amr_pkg/share/amr_pkg/cmake/amr_pkgConfig-version.cmake
-- Symlinking: /home/dharshan_reddy/amr_competition_ws/install/amr_pkg/share/amr_pkg/package.xml
