[0.008s] Invoking command in '/home/dharshan_reddy/amr_competition_ws/build/amr_pkg': CMAKE_PREFIX_PATH=${CMAKE_PREFIX_PATH}:/home/dharshan_reddy/amr_competition_ws/install/amr_demo_pkg:/opt/ros/humble /usr/bin/cmake /home/dharshan_reddy/amr_competition_ws/src/amr_pkg -DAMENT_CMAKE_SYMLINK_INSTALL=1 -DCMAKE_INSTALL_PREFIX=/home/dharshan_reddy/amr_competition_ws/install/amr_pkg
[0.054s] -- The C compiler identification is GNU 11.4.0
[0.095s] -- The CXX compiler identification is GNU 11.4.0
[0.099s] -- Detecting C compiler ABI info
[0.152s] -- Detecting C compiler ABI info - done
[0.155s] -- Check for working C compiler: /usr/bin/cc - skipped
[0.155s] -- Detecting C compile features
[0.156s] -- Detecting C compile features - done
[0.157s] -- Detecting CXX compiler ABI info
[0.219s] -- Detecting CXX compiler ABI info - done
[0.224s] -- Check for working CXX compiler: /usr/bin/c++ - skipped
[0.225s] -- Detecting CXX compile features
[0.225s] -- Detecting CXX compile features - done
[0.226s] -- Found ament_cmake: 1.3.11 (/opt/ros/humble/share/ament_cmake/cmake)
[0.343s] -- Found Python3: /usr/bin/python3 (found version "3.10.12") found components: Interpreter 
[0.384s] -- Override CMake install command with custom implementation using symlinks instead of copying resources
[0.406s] -- Found ament_lint_auto: 0.12.12 (/opt/ros/humble/share/ament_lint_auto/cmake)
[0.447s] -- Configuring done
[0.448s] -- Generating done
[0.448s] -- Build files have been written to: /home/dharshan_reddy/amr_competition_ws/build/amr_pkg
[0.452s] Invoked command in '/home/dharshan_reddy/amr_competition_ws/build/amr_pkg' returned '0': CMAKE_PREFIX_PATH=${CMAKE_PREFIX_PATH}:/home/dharshan_reddy/amr_competition_ws/install/amr_demo_pkg:/opt/ros/humble /usr/bin/cmake /home/dharshan_reddy/amr_competition_ws/src/amr_pkg -DAMENT_CMAKE_SYMLINK_INSTALL=1 -DCMAKE_INSTALL_PREFIX=/home/dharshan_reddy/amr_competition_ws/install/amr_pkg
[0.454s] Invoking command in '/home/dharshan_reddy/amr_competition_ws/build/amr_pkg': CMAKE_PREFIX_PATH=${CMAKE_PREFIX_PATH}:/home/dharshan_reddy/amr_competition_ws/install/amr_demo_pkg:/opt/ros/humble /usr/bin/cmake --build /home/dharshan_reddy/amr_competition_ws/build/amr_pkg -- -j14 -l14
[0.482s] Invoked command in '/home/dharshan_reddy/amr_competition_ws/build/amr_pkg' returned '0': CMAKE_PREFIX_PATH=${CMAKE_PREFIX_PATH}:/home/dharshan_reddy/amr_competition_ws/install/amr_demo_pkg:/opt/ros/humble /usr/bin/cmake --build /home/dharshan_reddy/amr_competition_ws/build/amr_pkg -- -j14 -l14
[0.490s] Invoking command in '/home/dharshan_reddy/amr_competition_ws/build/amr_pkg': CMAKE_PREFIX_PATH=${CMAKE_PREFIX_PATH}:/home/dharshan_reddy/amr_competition_ws/install/amr_demo_pkg:/opt/ros/humble /usr/bin/cmake --install /home/dharshan_reddy/amr_competition_ws/build/amr_pkg
[0.495s] -- Install configuration: ""
[0.496s] -- Execute custom install script
[0.496s] -- Symlinking: /home/dharshan_reddy/amr_competition_ws/install/amr_pkg/share/amr_pkg/description/bot.urdf.xacro
[0.502s] -- Symlinking: /home/dharshan_reddy/amr_competition_ws/install/amr_pkg/share/amr_pkg/description/inertial_macros.xacro
[0.508s] -- Symlinking: /home/dharshan_reddy/amr_competition_ws/install/amr_pkg/share/amr_pkg/launch/amr_launch.py
[0.513s] -- Symlinking: /home/dharshan_reddy/amr_competition_ws/install/amr_pkg/share/ament_index/resource_index/package_run_dependencies/amr_pkg
[0.519s] -- Symlinking: /home/dharshan_reddy/amr_competition_ws/install/amr_pkg/share/ament_index/resource_index/parent_prefix_path/amr_pkg
[0.525s] -- Symlinking: /home/dharshan_reddy/amr_competition_ws/install/amr_pkg/share/amr_pkg/environment/ament_prefix_path.sh
[0.532s] -- Symlinking: /home/dharshan_reddy/amr_competition_ws/install/amr_pkg/share/amr_pkg/environment/ament_prefix_path.dsv
[0.538s] -- Symlinking: /home/dharshan_reddy/amr_competition_ws/install/amr_pkg/share/amr_pkg/environment/path.sh
[0.543s] -- Symlinking: /home/dharshan_reddy/amr_competition_ws/install/amr_pkg/share/amr_pkg/environment/path.dsv
[0.549s] -- Symlinking: /home/dharshan_reddy/amr_competition_ws/install/amr_pkg/share/amr_pkg/local_setup.bash
[0.554s] -- Symlinking: /home/dharshan_reddy/amr_competition_ws/install/amr_pkg/share/amr_pkg/local_setup.sh
[0.559s] -- Symlinking: /home/dharshan_reddy/amr_competition_ws/install/amr_pkg/share/amr_pkg/local_setup.zsh
[0.565s] -- Symlinking: /home/dharshan_reddy/amr_competition_ws/install/amr_pkg/share/amr_pkg/local_setup.dsv
[0.572s] -- Symlinking: /home/dharshan_reddy/amr_competition_ws/install/amr_pkg/share/amr_pkg/package.dsv
[0.577s] -- Symlinking: /home/dharshan_reddy/amr_competition_ws/install/amr_pkg/share/ament_index/resource_index/packages/amr_pkg
[0.583s] -- Symlinking: /home/dharshan_reddy/amr_competition_ws/install/amr_pkg/share/amr_pkg/cmake/amr_pkgConfig.cmake
[0.588s] -- Symlinking: /home/dharshan_reddy/amr_competition_ws/install/amr_pkg/share/amr_pkg/cmake/amr_pkgConfig-version.cmake
[0.595s] -- Symlinking: /home/dharshan_reddy/amr_competition_ws/install/amr_pkg/share/amr_pkg/package.xml
[0.603s] Invoked command in '/home/dharshan_reddy/amr_competition_ws/build/amr_pkg' returned '0': CMAKE_PREFIX_PATH=${CMAKE_PREFIX_PATH}:/home/dharshan_reddy/amr_competition_ws/install/amr_demo_pkg:/opt/ros/humble /usr/bin/cmake --install /home/dharshan_reddy/amr_competition_ws/build/amr_pkg
